2018-07-06 10:10:52,345 [main] INFO  com.example.demo.Atcdemo1Application 50 - Starting Atcdemo1Application on ZB-PF0YADQ6 with PID 9020 (D:\workshop\atcdemo-1\target\classes started by liulei50 in D:\workshop\atcdemo-1)
2018-07-06 10:10:52,349 [main] INFO  com.example.demo.Atcdemo1Application 659 - No active profile set, falling back to default profiles: default
2018-07-06 10:10:52,380 [main] INFO  o.s.b.w.s.c.AnnotationConfigServletWebServerApplicationContext 590 - Refreshing org.springframework.boot.web.servlet.context.AnnotationConfigServletWebServerApplicationContext@7880cdf3: startup date [Fri Jul 06 10:10:52 CST 2018]; root of context hierarchy
2018-07-06 10:10:53,090 [main] INFO  o.s.b.w.e.tomcat.TomcatWebServer 91 - Tomcat initialized with port(s): 8080 (http)
2018-07-06 10:10:53,100 [main] INFO  o.a.coyote.http11.Http11NioProtocol 180 - Initializing ProtocolHandler ["http-nio-8080"]
2018-07-06 10:10:53,106 [main] INFO  o.a.catalina.core.StandardService 180 - Starting service [Tomcat]
2018-07-06 10:10:53,106 [main] INFO  o.a.catalina.core.StandardEngine 180 - Starting Servlet Engine: Apache Tomcat/8.5.31
2018-07-06 10:10:53,109 [localhost-startStop-1] INFO  o.a.c.core.AprLifecycleListener 180 - The APR based Apache Tomcat Native library which allows optimal performance in production environments was not found on the java.library.path: [C:\Program Files\Java\jre1.8.0_131\bin;C:\windows\Sun\Java\bin;C:\windows\system32;C:\windows;C:/Program Files/Java/jre1.8.0_131/bin/server;C:/Program Files/Java/jre1.8.0_131/bin;C:/Program Files/Java/jre1.8.0_131/lib/amd64;C:\ProgramData\Oracle\Java\javapath;C:\windows\system32;C:\windows;C:\windows\System32\Wbem;C:\windows\System32\WindowsPowerShell\v1.0\;C:\Program Files\Git\cmd;C:\Users\liulei50\AppData\Local\Microsoft\WindowsApps;C:\Program Files\Java\jdk1.8.0_131\bin;C:\Program Files\Java\jdk1.8.0_131\jre\bin;D:\apache-maven-3.5.0-bin\apache-maven-3.5.0\bin;;D:\software\eclipse-jee-oxygen-1-win32-x86_64\eclipse;;.]
2018-07-06 10:10:53,161 [localhost-startStop-1] INFO  o.a.c.c.C.[Tomcat].[localhost].[/] 180 - Initializing Spring embedded WebApplicationContext
2018-07-06 10:10:53,161 [localhost-startStop-1] INFO  o.s.web.context.ContextLoader 285 - Root WebApplicationContext: initialization completed in 781 ms
2018-07-06 10:10:53,251 [localhost-startStop-1] INFO  o.s.b.w.s.ServletRegistrationBean 186 - Servlet dispatcherServlet mapped to [/]
2018-07-06 10:10:53,255 [localhost-startStop-1] INFO  o.s.b.w.s.FilterRegistrationBean 245 - Mapping filter: 'characterEncodingFilter' to: [/*]
2018-07-06 10:10:53,255 [localhost-startStop-1] INFO  o.s.b.w.s.FilterRegistrationBean 245 - Mapping filter: 'hiddenHttpMethodFilter' to: [/*]
2018-07-06 10:10:53,255 [localhost-startStop-1] INFO  o.s.b.w.s.FilterRegistrationBean 245 - Mapping filter: 'httpPutFormContentFilter' to: [/*]
2018-07-06 10:10:53,255 [localhost-startStop-1] INFO  o.s.b.w.s.FilterRegistrationBean 245 - Mapping filter: 'requestContextFilter' to: [/*]
2018-07-06 10:10:53,330 [main] INFO  o.s.w.s.h.SimpleUrlHandlerMapping 373 - Mapped URL path [/**/favicon.ico] onto handler of type [class org.springframework.web.servlet.resource.ResourceHttpRequestHandler]
2018-07-06 10:10:53,478 [main] INFO  o.s.w.s.m.m.a.RequestMappingHandlerAdapter 574 - Looking for @ControllerAdvice: org.springframework.boot.web.servlet.context.AnnotationConfigServletWebServerApplicationContext@7880cdf3: startup date [Fri Jul 06 10:10:52 CST 2018]; root of context hierarchy
2018-07-06 10:10:53,513 [main] INFO  o.s.w.s.m.m.a.RequestMappingHandlerMapping 547 - Mapped "{[/test]}" onto public void com.example.demo.ll.LogExample.test()
2018-07-06 10:10:53,517 [main] INFO  o.s.w.s.m.m.a.RequestMappingHandlerMapping 547 - Mapped "{[/error]}" onto public org.springframework.http.ResponseEntity<java.util.Map<java.lang.String, java.lang.Object>> org.springframework.boot.autoconfigure.web.servlet.error.BasicErrorController.error(javax.servlet.http.HttpServletRequest)
2018-07-06 10:10:53,518 [main] INFO  o.s.w.s.m.m.a.RequestMappingHandlerMapping 547 - Mapped "{[/error],produces=[text/html]}" onto public org.springframework.web.servlet.ModelAndView org.springframework.boot.autoconfigure.web.servlet.error.BasicErrorController.errorHtml(javax.servlet.http.HttpServletRequest,javax.servlet.http.HttpServletResponse)
2018-07-06 10:10:53,534 [main] INFO  o.s.w.s.h.SimpleUrlHandlerMapping 373 - Mapped URL path [/webjars/**] onto handler of type [class org.springframework.web.servlet.resource.ResourceHttpRequestHandler]
2018-07-06 10:10:53,534 [main] INFO  o.s.w.s.h.SimpleUrlHandlerMapping 373 - Mapped URL path [/**] onto handler of type [class org.springframework.web.servlet.resource.ResourceHttpRequestHandler]
2018-07-06 10:10:53,667 [main] INFO  o.s.j.e.a.AnnotationMBeanExporter 433 - Registering beans for JMX exposure on startup
2018-07-06 10:10:53,677 [main] INFO  o.a.coyote.http11.Http11NioProtocol 180 - Starting ProtocolHandler ["http-nio-8080"]
2018-07-06 10:10:53,686 [main] INFO  o.a.tomcat.util.net.NioSelectorPool 180 - Using a shared selector for servlet write/read
2018-07-06 10:10:53,697 [main] INFO  o.s.b.w.e.tomcat.TomcatWebServer 206 - Tomcat started on port(s): 8080 (http) with context path ''
2018-07-06 10:10:53,700 [main] INFO  com.example.demo.Atcdemo1Application 59 - Started Atcdemo1Application in 1.649 seconds (JVM running for 2.153)
2018-07-06 10:10:58,040 [http-nio-8080-exec-1] INFO  o.a.c.c.C.[Tomcat].[localhost].[/] 180 - Initializing Spring FrameworkServlet 'dispatcherServlet'
2018-07-06 10:10:58,041 [http-nio-8080-exec-1] INFO  o.s.web.servlet.DispatcherServlet 494 - FrameworkServlet 'dispatcherServlet': initialization started
2018-07-06 10:10:58,056 [http-nio-8080-exec-1] INFO  o.s.web.servlet.DispatcherServlet 509 - FrameworkServlet 'dispatcherServlet': initialization completed in 15 ms
2018-07-06 10:10:58,087 [http-nio-8080-exec-1] INFO  com.example.demo.ll.LogExample 83 - dasdfasfaf
2018-07-06 10:46:59,399 [RMI TCP Connection(45)-127.0.0.1] INFO  o.s.b.a.SpringApplicationAdminMXBeanRegistrar$SpringApplicationAdmin 132 - Application shutdown requested.
2018-07-06 10:46:59,401 [RMI TCP Connection(45)-127.0.0.1] INFO  o.s.b.w.s.c.AnnotationConfigServletWebServerApplicationContext 993 - Closing org.springframework.boot.web.servlet.context.AnnotationConfigServletWebServerApplicationContext@7880cdf3: startup date [Fri Jul 06 10:10:52 CST 2018]; root of context hierarchy
2018-07-06 10:46:59,422 [RMI TCP Connection(45)-127.0.0.1] INFO  o.s.j.e.a.AnnotationMBeanExporter 451 - Unregistering JMX-exposed beans on shutdown
